<?xml version="1.0" encoding="UTF-8" ?>
<testsuite tests="21" failures="0" name="fundtransfer.test.RunCukesTest" time="0.065" errors="0" skipped="6">
  <properties>
[...]
</properties>
  <testcase classname="Scenario: Valid Payee" name="Given the user is on Fund Transfer Page" time="0.002"/>
  <testcase classname="Scenario: Valid Payee" name="When he enters &quot;Jim&quot; as payee name" time="0"/>
  <testcase classname="Scenario: Valid Payee" name="And he enters &quot;100&quot; as amount" time="0"/>
  <testcase classname="Scenario: Valid Payee" name="And he submits request for Fund Transfer" time="0"/>
  <testcase classname="Scenario: Valid Payee" name="Then ensure the fund transfer is complete with &quot;100$ transferred succesfully to Jim!! &quot;message" time="0.003">
    <skipped/>
  </testcase>
  <testcase classname="Scenario: Valid Payee" name="Scenario: Valid Payee" time="0.01">
    <skipped/>
  </testcase>
  <testcase classname="Scenario: Valid Payee" name="Scenario: Valid Payee" time="0.01"/>
  <testcase classname="| Andres | 100 | Transfer failed!! &apos;Andres&apos; is not registered in your List of Payees |" name="Given the user is on Fund Transfer Page" time="0"/>
  <testcase classname="| Andres | 100 | Transfer failed!! &apos;Andres&apos; is not registered in your List of Payees |" name="When he enters &quot;Andres&quot; as payee name" time="0"/>
  <testcase classname="| Andres | 100 | Transfer failed!! &apos;Andres&apos; is not registered in your List of Payees |" name="And he enters &quot;100&quot; as amount" time="0"/>
  <testcase classname="| Andres | 100 | Transfer failed!! &apos;Andres&apos; is not registered in your List of Payees |" name="And he submits request for Fund Transfer" time="0"/>
  <testcase classname="| Andres | 100 | Transfer failed!! &apos;Andres&apos; is not registered in your List of Payees |" name="Then ensure a transation failure &quot;Transfer failed!! &apos;Andres&apos; is not registered in your List of Payees&quot; is displayed" time="0">
    <skipped/>
  </testcase>
  <testcase classname="| Andres | 100 | Transfer failed!! &apos;Andres&apos; is not registered in your List of Payees |" name="| Andres | 100 | Transfer failed!! &apos;Andres&apos; is not registered in your List of Payees |" time="0.009">
    <skipped/>
  </testcase>
  <testcase classname="| Andres | 100 | Transfer failed!! &apos;Andres&apos; is not registered in your List of Payees |" name="| Andres | 100 | Transfer failed!! &apos;Andres&apos; is not registered in your List of Payees |" time="0.009"/>
  <testcase classname="| Tim | 100000 | Transfer failed!! account cannot be overdrawn |" name="Given the user is on Fund Transfer Page" time="0"/>
  <testcase classname="| Tim | 100000 | Transfer failed!! account cannot be overdrawn |" name="When he enters &quot;Tim&quot; as payee name" time="0"/>
  <testcase classname="| Tim | 100000 | Transfer failed!! account cannot be overdrawn |" name="And he enters &quot;100000&quot; as amount" time="0"/>
  <testcase classname="| Tim | 100000 | Transfer failed!! account cannot be overdrawn |" name="And he submits request for Fund Transfer" time="0.001"/>
  <testcase classname="| Tim | 100000 | Transfer failed!! account cannot be overdrawn |" name="Then ensure a transation failure &quot;Transfer failed!! account cannot be overdrawn&quot; is displayed" time="0.003">
    <skipped/>
  </testcase>
  <testcase classname="| Tim | 100000 | Transfer failed!! account cannot be overdrawn |" name="| Tim | 100000 | Transfer failed!! account cannot be overdrawn |" time="0.009">
    <skipped/>
  </testcase>
  <testcase classname="| Tim | 100000 | Transfer failed!! account cannot be overdrawn |" name="| Tim | 100000 | Transfer failed!! account cannot be overdrawn |" time="0.009"/>
</testsuite>